Started GET "/" for ::1 at 2019-10-09 21:06:03 +0900
Processing by RoomsController#show as HTML
  Rendering rooms/show.html.slim within layouts/application
  Rendered rooms/show.html.slim within layouts/application (10.2ms)
[Webpacker] Compiling…
[Webpacker] Compilation failed:
Invalid configuration object. Webpack has been initialised using a configuration object that does not match the API schema.
 - configuration.entry should be an non-empty object.
   -> Multiple entry bundles are created. The key is the chunk name. The value can be a string or an array.

Completed 500 Internal Server Error in 2909ms (ActiveRecord: 0.0ms)


  
ActionView::Template::Error (Webpacker can't find application in /Users/mitsuharuoura/Desktop/newnewchat/chat_app/public/packs/manifest.json. Possible causes:
1. You want to set webpacker.yml value of compile to true for your environment
   unless you are using the `webpack -w` or the webpack-dev-server.
2. webpack has not yet re-run to reflect updates.
3. You have misconfigured Webpacker's config/webpacker.yml file.
4. Your webpack configuration is not creating a manifest.
Your manifest contains:
{
}
):
     6:     = csrf_meta_tags
     7:     = csp_meta_tag
     8:     = stylesheet_link_tag 'application', media: 'all', 'data-turbolinks-track': 'reload'
     9:     = javascript_pack_tag 'application', 'data-turbolinks-track': 'reload'
    10:   body
    11:     = yield
  
app/views/layouts/application.html.slim:9:in `_app_views_layouts_application_html_slim__4286249079439723780_70182532310500'
Started GET "/page" for ::1 at 2019-10-09 21:06:16 +0900
  
ActionController::RoutingError (No route matches [GET] "/page"):
  
actionpack (5.2.3) lib/action_dispatch/middleware/debug_exceptions.rb:65:in `call'
web-console (3.7.0) lib/web_console/middleware.rb:135:in `call_app'
web-console (3.7.0) lib/web_console/middleware.rb:30:in `block in call'
web-console (3.7.0) lib/web_console/middleware.rb:20:in `catch'
web-console (3.7.0) lib/web_console/middleware.rb:20:in `call'
actionpack (5.2.3) lib/action_dispatch/middleware/show_exceptions.rb:33:in `call'
railties (5.2.3) lib/rails/rack/logger.rb:38:in `call_app'
railties (5.2.3) lib/rails/rack/logger.rb:26:in `block in call'
activesupport (5.2.3) lib/active_support/tagged_logging.rb:71:in `block in tagged'
activesupport (5.2.3) lib/active_support/tagged_logging.rb:28:in `tagged'
activesupport (5.2.3) lib/active_support/tagged_logging.rb:71:in `tagged'
railties (5.2.3) lib/rails/rack/logger.rb:26:in `call'
sprockets-rails (3.2.1) lib/sprockets/rails/quiet_assets.rb:13:in `call'
actionpack (5.2.3) lib/action_dispatch/middleware/remote_ip.rb:81:in `call'
actionpack (5.2.3) lib/action_dispatch/middleware/request_id.rb:27:in `call'
rack (2.0.7) lib/rack/method_override.rb:22:in `call'
rack (2.0.7) lib/rack/runtime.rb:22:in `call'
activesupport (5.2.3) lib/active_support/cache/strategy/local_cache_middleware.rb:29:in `call'
actionpack (5.2.3) lib/action_dispatch/middleware/executor.rb:14:in `call'
actionpack (5.2.3) lib/action_dispatch/middleware/static.rb:127:in `call'
rack (2.0.7) lib/rack/sendfile.rb:111:in `call'
webpacker (4.0.7) lib/webpacker/dev_server_proxy.rb:29:in `perform_request'
rack-proxy (0.6.5) lib/rack/proxy.rb:57:in `call'
railties (5.2.3) lib/rails/engine.rb:524:in `call'
puma (3.12.1) lib/puma/configuration.rb:227:in `call'
puma (3.12.1) lib/puma/server.rb:660:in `handle_request'
puma (3.12.1) lib/puma/server.rb:474:in `process_client'
puma (3.12.1) lib/puma/server.rb:334:in `block in run'
puma (3.12.1) lib/puma/thread_pool.rb:135:in `block in spawn_thread'
Started GET "/page/show" for ::1 at 2019-10-09 21:06:24 +0900
  
ActionController::RoutingError (No route matches [GET] "/page/show"):
  
actionpack (5.2.3) lib/action_dispatch/middleware/debug_exceptions.rb:65:in `call'
web-console (3.7.0) lib/web_console/middleware.rb:135:in `call_app'
web-console (3.7.0) lib/web_console/middleware.rb:30:in `block in call'
web-console (3.7.0) lib/web_console/middleware.rb:20:in `catch'
web-console (3.7.0) lib/web_console/middleware.rb:20:in `call'
actionpack (5.2.3) lib/action_dispatch/middleware/show_exceptions.rb:33:in `call'
railties (5.2.3) lib/rails/rack/logger.rb:38:in `call_app'
railties (5.2.3) lib/rails/rack/logger.rb:26:in `block in call'
activesupport (5.2.3) lib/active_support/tagged_logging.rb:71:in `block in tagged'
activesupport (5.2.3) lib/active_support/tagged_logging.rb:28:in `tagged'
activesupport (5.2.3) lib/active_support/tagged_logging.rb:71:in `tagged'
railties (5.2.3) lib/rails/rack/logger.rb:26:in `call'
sprockets-rails (3.2.1) lib/sprockets/rails/quiet_assets.rb:13:in `call'
actionpack (5.2.3) lib/action_dispatch/middleware/remote_ip.rb:81:in `call'
actionpack (5.2.3) lib/action_dispatch/middleware/request_id.rb:27:in `call'
rack (2.0.7) lib/rack/method_override.rb:22:in `call'
rack (2.0.7) lib/rack/runtime.rb:22:in `call'
activesupport (5.2.3) lib/active_support/cache/strategy/local_cache_middleware.rb:29:in `call'
actionpack (5.2.3) lib/action_dispatch/middleware/executor.rb:14:in `call'
actionpack (5.2.3) lib/action_dispatch/middleware/static.rb:127:in `call'
rack (2.0.7) lib/rack/sendfile.rb:111:in `call'
webpacker (4.0.7) lib/webpacker/dev_server_proxy.rb:29:in `perform_request'
rack-proxy (0.6.5) lib/rack/proxy.rb:57:in `call'
railties (5.2.3) lib/rails/engine.rb:524:in `call'
puma (3.12.1) lib/puma/configuration.rb:227:in `call'
puma (3.12.1) lib/puma/server.rb:660:in `handle_request'
puma (3.12.1) lib/puma/server.rb:474:in `process_client'
puma (3.12.1) lib/puma/server.rb:334:in `block in run'
puma (3.12.1) lib/puma/thread_pool.rb:135:in `block in spawn_thread'
Started GET "/" for ::1 at 2019-10-09 22:54:31 +0900
Processing by RoomsController#show as HTML
  Rendering rooms/show.html.slim within layouts/application
  Rendered rooms/show.html.slim within layouts/application (10.8ms)
[Webpacker] Compiling…
[Webpacker] Compilation failed:
Invalid configuration object. Webpack has been initialised using a configuration object that does not match the API schema.
 - configuration.entry should be an non-empty object.
   -> Multiple entry bundles are created. The key is the chunk name. The value can be a string or an array.

Completed 500 Internal Server Error in 3574ms (ActiveRecord: 0.0ms)


  
ActionView::Template::Error (Webpacker can't find application in /Users/mitsuharuoura/Desktop/newnewchat/chat_app/public/packs/manifest.json. Possible causes:
1. You want to set webpacker.yml value of compile to true for your environment
   unless you are using the `webpack -w` or the webpack-dev-server.
2. webpack has not yet re-run to reflect updates.
3. You have misconfigured Webpacker's config/webpacker.yml file.
4. Your webpack configuration is not creating a manifest.
Your manifest contains:
{
}
):
     6:     = csrf_meta_tags
     7:     = csp_meta_tag
     8:     = stylesheet_link_tag 'application', media: 'all', 'data-turbolinks-track': 'reload'
     9:     = javascript_pack_tag 'application', 'data-turbolinks-track': 'reload'
    10:   body
    11:     = yield
  
app/views/layouts/application.html.slim:9:in `_app_views_layouts_application_html_slim___4439192565099094418_70181850628800'
Started GET "/" for ::1 at 2019-10-11 16:40:15 +0900
Processing by RoomsController#show as HTML
  Rendering rooms/show.html.slim within layouts/application
  Rendered rooms/show.html.slim within layouts/application (12.4ms)
[Webpacker] Compiling…
[Webpacker] Compilation failed:
Invalid configuration object. Webpack has been initialised using a configuration object that does not match the API schema.
 - configuration.entry should be an non-empty object.
   -> Multiple entry bundles are created. The key is the chunk name. The value can be a string or an array.

Completed 500 Internal Server Error in 3321ms (ActiveRecord: 0.0ms)


  
ActionView::Template::Error (Webpacker can't find application in /Users/mitsuharuoura/Desktop/newnewchat/chat_app/public/packs/manifest.json. Possible causes:
1. You want to set webpacker.yml value of compile to true for your environment
   unless you are using the `webpack -w` or the webpack-dev-server.
2. webpack has not yet re-run to reflect updates.
3. You have misconfigured Webpacker's config/webpacker.yml file.
4. Your webpack configuration is not creating a manifest.
Your manifest contains:
{
}
):
     6:     = csrf_meta_tags
     7:     = csp_meta_tag
     8:     = stylesheet_link_tag 'application', media: 'all', 'data-turbolinks-track': 'reload'
     9:     = javascript_pack_tag 'application', 'data-turbolinks-track': 'reload'
    10:   body
    11:     = yield
  
app/views/layouts/application.html.slim:9:in `_app_views_layouts_application_html_slim___1630468416455541587_70173385637600'
Started GET "/" for ::1 at 2019-10-11 16:42:19 +0900
Processing by RoomsController#show as HTML
  Rendering rooms/show.html.slim within layouts/application
  Rendered rooms/show.html.slim within layouts/application (10.1ms)
[Webpacker] Compiling…
[Webpacker] Compilation failed:
Invalid configuration object. Webpack has been initialised using a configuration object that does not match the API schema.
 - configuration.entry should be an non-empty object.
   -> Multiple entry bundles are created. The key is the chunk name. The value can be a string or an array.

Completed 500 Internal Server Error in 2042ms (ActiveRecord: 0.0ms)


  
ActionView::Template::Error (Webpacker can't find application in /Users/mitsuharuoura/Desktop/newnewchat/chat_app/public/packs/manifest.json. Possible causes:
1. You want to set webpacker.yml value of compile to true for your environment
   unless you are using the `webpack -w` or the webpack-dev-server.
2. webpack has not yet re-run to reflect updates.
3. You have misconfigured Webpacker's config/webpacker.yml file.
4. Your webpack configuration is not creating a manifest.
Your manifest contains:
{
}
):
     6:     = csrf_meta_tags
     7:     = csp_meta_tag
     8:     = stylesheet_link_tag 'application', media: 'all', 'data-turbolinks-track': 'reload'
     9:     = javascript_pack_tag 'application', 'data-turbolinks-track': 'reload'
    10:   body
    11:     = yield
  
app/views/layouts/application.html.slim:9:in `_app_views_layouts_application_html_slim___4449352675669021504_70149208958060'
Started GET "/" for ::1 at 2019-10-11 17:30:19 +0900
Processing by RoomsController#show as HTML
  Rendering rooms/show.html.slim within layouts/application
  Rendered rooms/show.html.slim within layouts/application (17.4ms)
[Webpacker] Compiling…
[Webpacker] Compilation failed:
Invalid configuration object. Webpack has been initialised using a configuration object that does not match the API schema.
 - configuration.entry should be an non-empty object.
   -> Multiple entry bundles are created. The key is the chunk name. The value can be a string or an array.

Completed 500 Internal Server Error in 2175ms (ActiveRecord: 0.0ms)


  
ActionView::Template::Error (Webpacker can't find application in /Users/mitsuharuoura/Desktop/newnewchat/chat_app/public/packs/manifest.json. Possible causes:
1. You want to set webpacker.yml value of compile to true for your environment
   unless you are using the `webpack -w` or the webpack-dev-server.
2. webpack has not yet re-run to reflect updates.
3. You have misconfigured Webpacker's config/webpacker.yml file.
4. Your webpack configuration is not creating a manifest.
Your manifest contains:
{
}
):
     6:     = csrf_meta_tags
     7:     = csp_meta_tag
     8:     = stylesheet_link_tag 'application', media: 'all', 'data-turbolinks-track': 'reload'
     9:     = javascript_pack_tag 'application', 'data-turbolinks-track': 'reload'
    10:   body
    11:     = yield
  
app/views/layouts/application.html.slim:9:in `_app_views_layouts_application_html_slim___3110892145582214680_70155574921300'
Started GET "/" for ::1 at 2019-10-11 17:32:06 +0900
Processing by RoomsController#show as HTML
  Rendering rooms/show.html.slim within layouts/application
  Rendered rooms/show.html.slim within layouts/application (9.6ms)
[Webpacker] Compiling…
[Webpacker] Compilation failed:
Invalid configuration object. Webpack has been initialised using a configuration object that does not match the API schema.
 - configuration.entry should be an non-empty object.
   -> Multiple entry bundles are created. The key is the chunk name. The value can be a string or an array.

Completed 500 Internal Server Error in 2023ms (ActiveRecord: 0.0ms)


  
ActionView::Template::Error (Webpacker can't find application in /Users/mitsuharuoura/Desktop/newnewchat/chat_app/public/packs/manifest.json. Possible causes:
1. You want to set webpacker.yml value of compile to true for your environment
   unless you are using the `webpack -w` or the webpack-dev-server.
2. webpack has not yet re-run to reflect updates.
3. You have misconfigured Webpacker's config/webpacker.yml file.
4. Your webpack configuration is not creating a manifest.
Your manifest contains:
{
}
):
     6:     = csrf_meta_tags
     7:     = csp_meta_tag
     8:     = stylesheet_link_tag 'application', media: 'all', 'data-turbolinks-track': 'reload'
     9:     = javascript_pack_tag 'application', 'data-turbolinks-track': 'reload'
    10:   body
    11:     = yield
  
app/views/layouts/application.html.slim:9:in `_app_views_layouts_application_html_slim___3001416884195076096_70340267508620'
Started GET "/" for ::1 at 2019-10-12 14:14:55 +0900
Processing by RoomsController#show as HTML
  Rendering rooms/show.html.slim within layouts/application
  Rendered rooms/show.html.slim within layouts/application (9.8ms)
[Webpacker] Compiling…
[Webpacker] Compilation failed:
Invalid configuration object. Webpack has been initialised using a configuration object that does not match the API schema.
 - configuration.entry should be an non-empty object.
   -> Multiple entry bundles are created. The key is the chunk name. The value can be a string or an array.

Completed 500 Internal Server Error in 3519ms (ActiveRecord: 0.0ms)


  
ActionView::Template::Error (Webpacker can't find application in /Users/mitsuharuoura/Desktop/newnewchat/chat_app/public/packs/manifest.json. Possible causes:
1. You want to set webpacker.yml value of compile to true for your environment
   unless you are using the `webpack -w` or the webpack-dev-server.
2. webpack has not yet re-run to reflect updates.
3. You have misconfigured Webpacker's config/webpacker.yml file.
4. Your webpack configuration is not creating a manifest.
Your manifest contains:
{
}
):
     6:     = csrf_meta_tags
     7:     = csp_meta_tag
     8:     = stylesheet_link_tag 'application', media: 'all', 'data-turbolinks-track': 'reload'
     9:     = javascript_pack_tag 'application', 'data-turbolinks-track': 'reload'
    10:   body
    11:     = yield
  
app/views/layouts/application.html.slim:9:in `_app_views_layouts_application_html_slim___1011896947112306779_70357562889540'
Started GET "/" for ::1 at 2019-10-12 21:03:29 +0900
Processing by RoomsController#show as HTML
  Rendering rooms/show.html.slim within layouts/application
  Rendered rooms/show.html.slim within layouts/application (10.6ms)
[Webpacker] Compiling…
[Webpacker] Compilation failed:
Invalid configuration object. Webpack has been initialised using a configuration object that does not match the API schema.
 - configuration.entry should be an non-empty object.
   -> Multiple entry bundles are created. The key is the chunk name. The value can be a string or an array.

Completed 500 Internal Server Error in 3966ms (ActiveRecord: 0.0ms)


  
ActionView::Template::Error (Webpacker can't find application in /Users/mitsuharuoura/Desktop/newnewchat/chat_app/public/packs/manifest.json. Possible causes:
1. You want to set webpacker.yml value of compile to true for your environment
   unless you are using the `webpack -w` or the webpack-dev-server.
2. webpack has not yet re-run to reflect updates.
3. You have misconfigured Webpacker's config/webpacker.yml file.
4. Your webpack configuration is not creating a manifest.
Your manifest contains:
{
}
):
     6:     = csrf_meta_tags
     7:     = csp_meta_tag
     8:     = stylesheet_link_tag 'application', media: 'all', 'data-turbolinks-track': 'reload'
     9:     = javascript_pack_tag 'application', 'data-turbolinks-track': 'reload'
    10:   body
    11:     = yield
  
app/views/layouts/application.html.slim:9:in `_app_views_layouts_application_html_slim___3313197628081168119_70270862335940'
Started GET "/" for ::1 at 2019-10-12 21:10:05 +0900
Processing by RoomsController#show as HTML
  Rendering rooms/show.html.slim within layouts/application
  Rendered rooms/show.html.slim within layouts/application (10.2ms)
Completed 500 Internal Server Error in 253ms (ActiveRecord: 0.0ms)


  
LoadError (cannot load such file -- coffee_script):
  
app/views/layouts/application.html.slim:8:in `_app_views_layouts_application_html_slim__3708919603880047527_70339464068760'
Started GET "/" for ::1 at 2019-10-12 21:11:27 +0900
Processing by RoomsController#show as HTML
  Rendering rooms/show.html.slim within layouts/application
  Rendered rooms/show.html.slim within layouts/application (8.5ms)
[Webpacker] Compiling…
[Webpacker] Compilation failed:
Invalid configuration object. Webpack has been initialised using a configuration object that does not match the API schema.
 - configuration.entry should be an non-empty object.
   -> Multiple entry bundles are created. The key is the chunk name. The value can be a string or an array.

Completed 500 Internal Server Error in 2921ms (ActiveRecord: 0.0ms)


  
ActionView::Template::Error (Webpacker can't find application in /Users/mitsuharuoura/Desktop/newnewchat/chat_app/public/packs/manifest.json. Possible causes:
1. You want to set webpacker.yml value of compile to true for your environment
   unless you are using the `webpack -w` or the webpack-dev-server.
2. webpack has not yet re-run to reflect updates.
3. You have misconfigured Webpacker's config/webpacker.yml file.
4. Your webpack configuration is not creating a manifest.
Your manifest contains:
{
}
):
     6:     = csrf_meta_tags
     7:     = csp_meta_tag
     8:     = stylesheet_link_tag 'application', media: 'all', 'data-turbolinks-track': 'reload'
     9:     = javascript_pack_tag 'application', 'data-turbolinks-track': 'reload'
    10:   body
    11:     = yield
  
app/views/layouts/application.html.slim:9:in `_app_views_layouts_application_html_slim___322011128885276288_70190362360380'
Started GET "/" for ::1 at 2019-10-12 21:25:45 +0900
Processing by RoomsController#show as HTML
  Rendering rooms/show.html.slim within layouts/application
  Rendered rooms/show.html.slim within layouts/application (3.2ms)
[Webpacker] Compiling…
[Webpacker] Compilation failed:
Invalid configuration object. Webpack has been initialised using a configuration object that does not match the API schema.
 - configuration.entry should be an non-empty object.
   -> Multiple entry bundles are created. The key is the chunk name. The value can be a string or an array.

Completed 500 Internal Server Error in 2905ms (ActiveRecord: 0.0ms)


  
ActionView::Template::Error (Webpacker can't find application in /Users/mitsuharuoura/Desktop/newnewchat/chat_app/public/packs/manifest.json. Possible causes:
1. You want to set webpacker.yml value of compile to true for your environment
   unless you are using the `webpack -w` or the webpack-dev-server.
2. webpack has not yet re-run to reflect updates.
3. You have misconfigured Webpacker's config/webpacker.yml file.
4. Your webpack configuration is not creating a manifest.
Your manifest contains:
{
}
):
     6:     = csrf_meta_tags
     7:     = csp_meta_tag
     8:     = stylesheet_link_tag 'application', media: 'all', 'data-turbolinks-track': 'reload'
     9:     = javascript_pack_tag 'application', 'data-turbolinks-track': 'reload'
    10:   body
    11:     = yield
  
app/views/layouts/application.html.slim:9:in `_app_views_layouts_application_html_slim___322011128885276288_70190416867900'
Started GET "/" for ::1 at 2019-10-12 21:50:36 +0900
  
ActiveRecord::PendingMigrationError (

Migrations are pending. To resolve this issue, run:

        bin/rails db:migrate RAILS_ENV=development

):
  
activerecord (5.2.3) lib/active_record/migration.rb:579:in `check_pending!'
activerecord (5.2.3) lib/active_record/migration.rb:556:in `call'
actionpack (5.2.3) lib/action_dispatch/middleware/callbacks.rb:28:in `block in call'
activesupport (5.2.3) lib/active_support/callbacks.rb:98:in `run_callbacks'
actionpack (5.2.3) lib/action_dispatch/middleware/callbacks.rb:26:in `call'
actionpack (5.2.3) lib/action_dispatch/middleware/executor.rb:14:in `call'
actionpack (5.2.3) lib/action_dispatch/middleware/debug_exceptions.rb:61:in `call'
web-console (3.7.0) lib/web_console/middleware.rb:135:in `call_app'
web-console (3.7.0) lib/web_console/middleware.rb:30:in `block in call'
web-console (3.7.0) lib/web_console/middleware.rb:20:in `catch'
web-console (3.7.0) lib/web_console/middleware.rb:20:in `call'
actionpack (5.2.3) lib/action_dispatch/middleware/show_exceptions.rb:33:in `call'
railties (5.2.3) lib/rails/rack/logger.rb:38:in `call_app'
railties (5.2.3) lib/rails/rack/logger.rb:26:in `block in call'
activesupport (5.2.3) lib/active_support/tagged_logging.rb:71:in `block in tagged'
activesupport (5.2.3) lib/active_support/tagged_logging.rb:28:in `tagged'
activesupport (5.2.3) lib/active_support/tagged_logging.rb:71:in `tagged'
railties (5.2.3) lib/rails/rack/logger.rb:26:in `call'
sprockets-rails (3.2.1) lib/sprockets/rails/quiet_assets.rb:13:in `call'
actionpack (5.2.3) lib/action_dispatch/middleware/remote_ip.rb:81:in `call'
actionpack (5.2.3) lib/action_dispatch/middleware/request_id.rb:27:in `call'
rack (2.0.7) lib/rack/method_override.rb:22:in `call'
rack (2.0.7) lib/rack/runtime.rb:22:in `call'
activesupport (5.2.3) lib/active_support/cache/strategy/local_cache_middleware.rb:29:in `call'
actionpack (5.2.3) lib/action_dispatch/middleware/executor.rb:14:in `call'
actionpack (5.2.3) lib/action_dispatch/middleware/static.rb:127:in `call'
rack (2.0.7) lib/rack/sendfile.rb:111:in `call'
webpacker (4.0.7) lib/webpacker/dev_server_proxy.rb:29:in `perform_request'
rack-proxy (0.6.5) lib/rack/proxy.rb:57:in `call'
railties (5.2.3) lib/rails/engine.rb:524:in `call'
puma (3.12.1) lib/puma/configuration.rb:227:in `call'
puma (3.12.1) lib/puma/server.rb:660:in `handle_request'
puma (3.12.1) lib/puma/server.rb:474:in `process_client'
puma (3.12.1) lib/puma/server.rb:334:in `block in run'
puma (3.12.1) lib/puma/thread_pool.rb:135:in `block in spawn_thread'
  [1m[35m (0.1ms)[0m  [1m[34mSELECT sqlite_version(*)[0m
  ↳ bin/rails:9
  [1m[35m (1.4ms)[0m  [1m[35mCREATE TABLE "schema_migrations" ("version" varchar NOT NULL PRIMARY KEY)[0m
  ↳ bin/rails:9
  [1m[35m (1.0ms)[0m  [1m[35mCREATE TABLE "ar_internal_metadata" ("key" varchar NOT NULL PRIMARY KEY, "value" varchar, "created_at" datetime NOT NULL, "updated_at" datetime NOT NULL)[0m
  ↳ bin/rails:9
  [1m[35m (0.1ms)[0m  [1m[34mSELECT "schema_migrations"."version" FROM "schema_migrations" ORDER BY "schema_migrations"."version" ASC[0m
  ↳ bin/rails:9
Migrating to CreateMessages (20191012124612)
  [1m[35m (0.1ms)[0m  [1m[36mbegin transaction[0m
  ↳ bin/rails:9
  [1m[35m (0.4ms)[0m  [1m[35mCREATE TABLE "messages" ("id" integer PRIMARY KEY AUTOINCREMENT NOT NULL, "content" text, "created_at" datetime NOT NULL, "updated_at" datetime NOT NULL)[0m
  ↳ db/migrate/20191012124612_create_messages.rb:3
  [1m[36mActiveRecord::SchemaMigration Create (0.2ms)[0m  [1m[32mINSERT INTO "schema_migrations" ("version") VALUES (?)[0m  [["version", "20191012124612"]]
  ↳ bin/rails:9
  [1m[35m (1.0ms)[0m  [1m[36mcommit transaction[0m
  ↳ bin/rails:9
  [1m[36mActiveRecord::InternalMetadata Load (0.3ms)[0m  [1m[34mSELECT  "ar_internal_metadata".* FROM "ar_internal_metadata" WHERE "ar_internal_metadata"."key" = ? LIMIT ?[0m  [["key", "environment"], ["LIMIT", 1]]
  ↳ bin/rails:9
  [1m[35m (0.1ms)[0m  [1m[36mbegin transaction[0m
  ↳ bin/rails:9
  [1m[36mActiveRecord::InternalMetadata Create (0.5ms)[0m  [1m[32mINSERT INTO "ar_internal_metadata" ("key", "value", "created_at", "updated_at") VALUES (?, ?, ?, ?)[0m  [["key", "environment"], ["value", "development"], ["created_at", "2019-10-13 05:05:03.216473"], ["updated_at", "2019-10-13 05:05:03.216473"]]
  ↳ bin/rails:9
  [1m[35m (1.0ms)[0m  [1m[36mcommit transaction[0m
  ↳ bin/rails:9
  [1m[35m (0.2ms)[0m  [1m[34mSELECT "schema_migrations"."version" FROM "schema_migrations" ORDER BY "schema_migrations"."version" ASC[0m
  ↳ bin/rails:9
Started GET "/" for ::1 at 2019-10-13 16:00:41 +0900
  [1m[35m (0.4ms)[0m  [1m[34mSELECT "schema_migrations"."version" FROM "schema_migrations" ORDER BY "schema_migrations"."version" ASC[0m
  ↳ /Users/mitsuharuoura/.rbenv/versions/2.5.0/lib/ruby/gems/2.5.0/gems/activerecord-5.2.3/lib/active_record/log_subscriber.rb:98
Processing by RoomsController#show as HTML
  Rendering rooms/show.html.slim within layouts/application
  Rendered rooms/show.html.slim within layouts/application (19.5ms)
Completed 500 Internal Server Error in 47ms (ActiveRecord: 0.0ms)


  
ActionView::Template::Error (undefined method `each' for nil:NilClass):
    4:   input type="text" data-behavior="room_speak"
    5: 
    6: #messages_index
    7:     - @messages.each do |message|
    8:         = render 'messages/message', message: message
  
app/views/rooms/show.html.slim:7:in `_app_views_rooms_show_html_slim___2335224959333225965_70097122569540'
Started GET "/" for ::1 at 2019-10-13 16:16:26 +0900
  [1m[35m (0.7ms)[0m  [1m[34mSELECT "schema_migrations"."version" FROM "schema_migrations" ORDER BY "schema_migrations"."version" ASC[0m
  ↳ /Users/mitsuharuoura/.rbenv/versions/2.5.0/lib/ruby/gems/2.5.0/gems/activerecord-5.2.3/lib/active_record/log_subscriber.rb:98
Processing by RoomsController#show as HTML
  Rendering rooms/show.html.erb within layouts/application
  Rendered rooms/show.html.erb within layouts/application (1.2ms)
[Webpacker] Compiling…
[Webpacker] Compilation failed:
Invalid configuration object. Webpack has been initialised using a configuration object that does not match the API schema.
 - configuration.entry should be an non-empty object.
   -> Multiple entry bundles are created. The key is the chunk name. The value can be a string or an array.

Completed 500 Internal Server Error in 2811ms (ActiveRecord: 0.0ms)


  
ActionView::Template::Error (Webpacker can't find application in /Users/mitsuharuoura/Desktop/newnewchat/chat_app/public/packs/manifest.json. Possible causes:
1. You want to set webpacker.yml value of compile to true for your environment
   unless you are using the `webpack -w` or the webpack-dev-server.
2. webpack has not yet re-run to reflect updates.
3. You have misconfigured Webpacker's config/webpacker.yml file.
4. Your webpack configuration is not creating a manifest.
Your manifest contains:
{
}
):
     6:     = csrf_meta_tags
     7:     = csp_meta_tag
     8:     = stylesheet_link_tag 'application', media: 'all', 'data-turbolinks-track': 'reload'
     9:     = javascript_pack_tag 'application', 'data-turbolinks-track': 'reload'
    10:   body
    11:     = yield
  
app/views/layouts/application.html.slim:9:in `_app_views_layouts_application_html_slim__3216682300363272100_70221505291500'
Started GET "/" for ::1 at 2019-10-13 16:16:58 +0900
  [1m[35m (0.1ms)[0m  [1m[34mSELECT "schema_migrations"."version" FROM "schema_migrations" ORDER BY "schema_migrations"."version" ASC[0m
  ↳ /Users/mitsuharuoura/.rbenv/versions/2.5.0/lib/ruby/gems/2.5.0/gems/activerecord-5.2.3/lib/active_record/log_subscriber.rb:98
Processing by RoomsController#show as HTML
  Rendering rooms/show.html.slim within layouts/application
  Rendered rooms/show.html.slim within layouts/application (10.7ms)
[Webpacker] Compiling…
[Webpacker] Compilation failed:
Invalid configuration object. Webpack has been initialised using a configuration object that does not match the API schema.
 - configuration.entry should be an non-empty object.
   -> Multiple entry bundles are created. The key is the chunk name. The value can be a string or an array.

Completed 500 Internal Server Error in 1952ms (ActiveRecord: 0.0ms)


  
ActionView::Template::Error (Webpacker can't find application in /Users/mitsuharuoura/Desktop/newnewchat/chat_app/public/packs/manifest.json. Possible causes:
1. You want to set webpacker.yml value of compile to true for your environment
   unless you are using the `webpack -w` or the webpack-dev-server.
2. webpack has not yet re-run to reflect updates.
3. You have misconfigured Webpacker's config/webpacker.yml file.
4. Your webpack configuration is not creating a manifest.
Your manifest contains:
{
}
):
     6:     = csrf_meta_tags
     7:     = csp_meta_tag
     8:     = stylesheet_link_tag 'application', media: 'all', 'data-turbolinks-track': 'reload'
     9:     = javascript_pack_tag 'application', 'data-turbolinks-track': 'reload'
    10:   body
    11:     = yield
  
app/views/layouts/application.html.slim:9:in `_app_views_layouts_application_html_slim__1697916666892572036_70167688274600'
Started GET "/" for ::1 at 2019-10-13 16:21:25 +0900
  [1m[35m (0.1ms)[0m  [1m[34mSELECT "schema_migrations"."version" FROM "schema_migrations" ORDER BY "schema_migrations"."version" ASC[0m
  ↳ /Users/mitsuharuoura/.rbenv/versions/2.5.0/lib/ruby/gems/2.5.0/gems/activerecord-5.2.3/lib/active_record/log_subscriber.rb:98
Processing by RoomsController#show as HTML
  Rendering rooms/show.html.slim within layouts/application
  Rendered rooms/show.html.slim within layouts/application (10.2ms)
Completed 500 Internal Server Error in 196ms (ActiveRecord: 0.0ms)


  
LoadError (cannot load such file -- coffee_script):
  
app/views/layouts/application.html.slim:8:in `_app_views_layouts_application_html_slim___1413902132294135039_70364949621240'
Started GET "/" for ::1 at 2019-10-13 16:23:51 +0900
  [1m[35m (0.1ms)[0m  [1m[34mSELECT "schema_migrations"."version" FROM "schema_migrations" ORDER BY "schema_migrations"."version" ASC[0m
  ↳ /Users/mitsuharuoura/.rbenv/versions/2.5.0/lib/ruby/gems/2.5.0/gems/activerecord-5.2.3/lib/active_record/log_subscriber.rb:98
Processing by RoomsController#show as HTML
  Rendering rooms/show.html.slim within layouts/application
  Rendered rooms/show.html.slim within layouts/application (6.8ms)
Completed 500 Internal Server Error in 271ms (ActiveRecord: 0.0ms)


  
LoadError (cannot load such file -- coffee_script):
  
app/views/layouts/application.html.slim:8:in `_app_views_layouts_application_html_slim___2419085275726434578_70291912953240'
Started GET "/" for ::1 at 2019-10-13 16:31:09 +0900
  [1m[35m (0.5ms)[0m  [1m[34mSELECT "schema_migrations"."version" FROM "schema_migrations" ORDER BY "schema_migrations"."version" ASC[0m
  ↳ /Users/mitsuharuoura/.rbenv/versions/2.5.0/lib/ruby/gems/2.5.0/gems/activerecord-5.2.3/lib/active_record/log_subscriber.rb:98
Processing by RoomsController#show as HTML
  Rendering rooms/show.html.slim within layouts/application
  Rendered rooms/show.html.slim within layouts/application (12.7ms)
[Webpacker] Compiling…
[Webpacker] Compilation failed:
Invalid configuration object. Webpack has been initialised using a configuration object that does not match the API schema.
 - configuration.entry should be an non-empty object.
   -> Multiple entry bundles are created. The key is the chunk name. The value can be a string or an array.

Completed 500 Internal Server Error in 2840ms (ActiveRecord: 0.0ms)


  
ActionView::Template::Error (Webpacker can't find application in /Users/mitsuharuoura/Desktop/newnewchat/chat_app/public/packs/manifest.json. Possible causes:
1. You want to set webpacker.yml value of compile to true for your environment
   unless you are using the `webpack -w` or the webpack-dev-server.
2. webpack has not yet re-run to reflect updates.
3. You have misconfigured Webpacker's config/webpacker.yml file.
4. Your webpack configuration is not creating a manifest.
Your manifest contains:
{
}
):
     6:     = csrf_meta_tags
     7:     = csp_meta_tag
     8:     = stylesheet_link_tag 'application', media: 'all', 'data-turbolinks-track': 'reload'
     9:     = javascript_pack_tag 'application', 'data-turbolinks-track': 'reload'
    10:   body
    11:     = yield
  
app/views/layouts/application.html.slim:9:in `_app_views_layouts_application_html_slim___1290281376316748293_70207576091020'
Started GET "/" for ::1 at 2019-10-13 16:51:18 +0900
  [1m[35m (0.5ms)[0m  [1m[34mSELECT "schema_migrations"."version" FROM "schema_migrations" ORDER BY "schema_migrations"."version" ASC[0m
  ↳ /Users/mitsuharuoura/.rbenv/versions/2.5.0/lib/ruby/gems/2.5.0/gems/activerecord-5.2.3/lib/active_record/log_subscriber.rb:98
Processing by RoomsController#show as HTML
  Rendering rooms/show.html.slim within layouts/application
  Rendered rooms/show.html.slim within layouts/application (12.7ms)
[Webpacker] Compiling…
[Webpacker] Compilation failed:
Invalid configuration object. Webpack has been initialised using a configuration object that does not match the API schema.
 - configuration.entry should be an non-empty object.
   -> Multiple entry bundles are created. The key is the chunk name. The value can be a string or an array.

Completed 500 Internal Server Error in 2731ms (ActiveRecord: 0.0ms)


  
ActionView::Template::Error (Webpacker can't find application in /Users/mitsuharuoura/Desktop/newnewchat/chat_app/public/packs/manifest.json. Possible causes:
1. You want to set webpacker.yml value of compile to true for your environment
   unless you are using the `webpack -w` or the webpack-dev-server.
2. webpack has not yet re-run to reflect updates.
3. You have misconfigured Webpacker's config/webpacker.yml file.
4. Your webpack configuration is not creating a manifest.
Your manifest contains:
{
}
):
     6:     = csrf_meta_tags
     7:     = csp_meta_tag
     8:     = stylesheet_link_tag 'application', media: 'all', 'data-turbolinks-track': 'reload'
     9:     = javascript_pack_tag 'application', 'data-turbolinks-track': 'reload'
    10:   body
    11:     = yield
  
app/views/layouts/application.html.slim:9:in `_app_views_layouts_application_html_slim__201309065624594133_70175976950380'
Started GET "/" for ::1 at 2019-10-13 17:01:59 +0900
  [1m[35m (0.5ms)[0m  [1m[34mSELECT "schema_migrations"."version" FROM "schema_migrations" ORDER BY "schema_migrations"."version" ASC[0m
  ↳ /Users/mitsuharuoura/.rbenv/versions/2.5.0/lib/ruby/gems/2.5.0/gems/activerecord-5.2.3/lib/active_record/log_subscriber.rb:98
Processing by RoomsController#show as HTML
  Rendering rooms/show.html.slim within layouts/application
  Rendered rooms/show.html.slim within layouts/application (13.5ms)
[Webpacker] Compiling…
[Webpacker] Compilation failed:
Invalid configuration object. Webpack has been initialised using a configuration object that does not match the API schema.
 - configuration.entry should be an non-empty object.
   -> Multiple entry bundles are created. The key is the chunk name. The value can be a string or an array.

Completed 500 Internal Server Error in 2401ms (ActiveRecord: 0.0ms)


  
ActionView::Template::Error (Webpacker can't find application in /Users/mitsuharuoura/Desktop/newnewchat/chat_app/public/packs/manifest.json. Possible causes:
1. You want to set webpacker.yml value of compile to true for your environment
   unless you are using the `webpack -w` or the webpack-dev-server.
2. webpack has not yet re-run to reflect updates.
3. You have misconfigured Webpacker's config/webpacker.yml file.
4. Your webpack configuration is not creating a manifest.
Your manifest contains:
{
}
):
     6:     = csrf_meta_tags
     7:     = csp_meta_tag
     8:     = stylesheet_link_tag 'application', media: 'all', 'data-turbolinks-track': 'reload'
     9:     = javascript_pack_tag 'application', 'data-turbolinks-track': 'reload'
    10:   body
    11:     = yield
  
app/views/layouts/application.html.slim:9:in `_app_views_layouts_application_html_slim__2459437628452236352_70190873419380'
Started GET "/" for ::1 at 2019-10-13 17:18:57 +0900
  [1m[35m (0.6ms)[0m  [1m[34mSELECT "schema_migrations"."version" FROM "schema_migrations" ORDER BY "schema_migrations"."version" ASC[0m
  ↳ /Users/mitsuharuoura/.rbenv/versions/2.5.0/lib/ruby/gems/2.5.0/gems/activerecord-5.2.3/lib/active_record/log_subscriber.rb:98
Processing by RoomsController#show as HTML
  Rendering rooms/show.html.slim within layouts/application
  Rendered rooms/show.html.slim within layouts/application (12.7ms)
[Webpacker] Compiling…
[Webpacker] Compilation failed:
Invalid configuration object. Webpack has been initialised using a configuration object that does not match the API schema.
 - configuration.entry should be an non-empty object.
   -> Multiple entry bundles are created. The key is the chunk name. The value can be a string or an array.

Completed 500 Internal Server Error in 3171ms (ActiveRecord: 0.0ms)


  
ActionView::Template::Error (Webpacker can't find application in /Users/mitsuharuoura/Desktop/newnewchat/chat_app/public/packs/manifest.json. Possible causes:
1. You want to set webpacker.yml value of compile to true for your environment
   unless you are using the `webpack -w` or the webpack-dev-server.
2. webpack has not yet re-run to reflect updates.
3. You have misconfigured Webpacker's config/webpacker.yml file.
4. Your webpack configuration is not creating a manifest.
Your manifest contains:
{
}
):
     6:     = csrf_meta_tags
     7:     = csp_meta_tag
     8:     = stylesheet_link_tag 'application', media: 'all', 'data-turbolinks-track': 'reload'
     9:     = javascript_pack_tag 'application', 'data-turbolinks-track': 'reload'
    10:   body
    11:     = yield
  
app/views/layouts/application.html.slim:9:in `_app_views_layouts_application_html_slim__3837484078663041830_70363157528720'
Started GET "/" for ::1 at 2019-10-13 17:23:42 +0900
  [1m[35m (0.5ms)[0m  [1m[34mSELECT "schema_migrations"."version" FROM "schema_migrations" ORDER BY "schema_migrations"."version" ASC[0m
  ↳ /Users/mitsuharuoura/.rbenv/versions/2.5.0/lib/ruby/gems/2.5.0/gems/activerecord-5.2.3/lib/active_record/log_subscriber.rb:98
Processing by RoomsController#show as HTML
  Rendering rooms/show.html.slim within layouts/application
  Rendered rooms/show.html.slim within layouts/application (15.8ms)
[Webpacker] Compiling…
[Webpacker] Compilation failed:
Invalid configuration object. Webpack has been initialised using a configuration object that does not match the API schema.
 - configuration.entry should be an non-empty object.
   -> Multiple entry bundles are created. The key is the chunk name. The value can be a string or an array.

Completed 500 Internal Server Error in 2791ms (ActiveRecord: 0.0ms)


  
ActionView::Template::Error (Webpacker can't find application in /Users/mitsuharuoura/Desktop/newnewchat/chat_app/public/packs/manifest.json. Possible causes:
1. You want to set webpacker.yml value of compile to true for your environment
   unless you are using the `webpack -w` or the webpack-dev-server.
2. webpack has not yet re-run to reflect updates.
3. You have misconfigured Webpacker's config/webpacker.yml file.
4. Your webpack configuration is not creating a manifest.
Your manifest contains:
{
}
):
     6:     = csrf_meta_tags
     7:     = csp_meta_tag
     8:     = stylesheet_link_tag 'application', media: 'all', 'data-turbolinks-track': 'reload'
     9:     = javascript_pack_tag 'application', 'data-turbolinks-track': 'reload'
    10:   body
    11:     = yield
  
app/views/layouts/application.html.slim:9:in `_app_views_layouts_application_html_slim__2171142444622404098_70353948475000'
Started GET "/" for ::1 at 2019-10-13 17:42:26 +0900
  [1m[35m (0.4ms)[0m  [1m[34mSELECT "schema_migrations"."version" FROM "schema_migrations" ORDER BY "schema_migrations"."version" ASC[0m
  ↳ /Users/mitsuharuoura/.rbenv/versions/2.5.0/lib/ruby/gems/2.5.0/gems/activerecord-5.2.3/lib/active_record/log_subscriber.rb:98
Processing by RoomsController#show as HTML
  Rendering rooms/show.html.slim within layouts/application
  Rendered rooms/show.html.slim within layouts/application (12.9ms)
[Webpacker] Compiling…
[Webpacker] Compilation failed:
Invalid configuration object. Webpack has been initialised using a configuration object that does not match the API schema.
 - configuration.entry should be an non-empty object.
   -> Multiple entry bundles are created. The key is the chunk name. The value can be a string or an array.

Completed 500 Internal Server Error in 2202ms (ActiveRecord: 0.0ms)


  
ActionView::Template::Error (Webpacker can't find application in /Users/mitsuharuoura/Desktop/newnewchat/chat_app/public/packs/manifest.json. Possible causes:
1. You want to set webpacker.yml value of compile to true for your environment
   unless you are using the `webpack -w` or the webpack-dev-server.
2. webpack has not yet re-run to reflect updates.
3. You have misconfigured Webpacker's config/webpacker.yml file.
4. Your webpack configuration is not creating a manifest.
Your manifest contains:
{
}
):
     6:     = csrf_meta_tags
     7:     = csp_meta_tag
     8:     = stylesheet_link_tag 'application', media: 'all', 'data-turbolinks-track': 'reload'
     9:     = javascript_pack_tag 'application', 'data-turbolinks-track': 'reload'
    10:   body
    11:     = yield
  
app/views/layouts/application.html.slim:9:in `_app_views_layouts_application_html_slim___665624741149850921_70359244763800'
Started GET "/" for ::1 at 2019-10-13 17:47:58 +0900
  [1m[35m (0.7ms)[0m  [1m[34mSELECT "schema_migrations"."version" FROM "schema_migrations" ORDER BY "schema_migrations"."version" ASC[0m
  ↳ /Users/mitsuharuoura/.rbenv/versions/2.5.0/lib/ruby/gems/2.5.0/gems/activerecord-5.2.3/lib/active_record/log_subscriber.rb:98
Processing by RoomsController#show as HTML
  Rendering rooms/show.html.slim within layouts/application
  Rendered rooms/show.html.slim within layouts/application (12.1ms)
[Webpacker] Compiling…
[Webpacker] Compilation failed:
Invalid configuration object. Webpack has been initialised using a configuration object that does not match the API schema.
 - configuration.entry should be an non-empty object.
   -> Multiple entry bundles are created. The key is the chunk name. The value can be a string or an array.

Completed 500 Internal Server Error in 2365ms (ActiveRecord: 0.0ms)


  
ActionView::Template::Error (Webpacker can't find application in /Users/mitsuharuoura/Desktop/newnewchat/chat_app/public/packs/manifest.json. Possible causes:
1. You want to set webpacker.yml value of compile to true for your environment
   unless you are using the `webpack -w` or the webpack-dev-server.
2. webpack has not yet re-run to reflect updates.
3. You have misconfigured Webpacker's config/webpacker.yml file.
4. Your webpack configuration is not creating a manifest.
Your manifest contains:
{
}
):
     6:     = csrf_meta_tags
     7:     = csp_meta_tag
     8:     = stylesheet_link_tag 'application', media: 'all', 'data-turbolinks-track': 'reload'
     9:     = javascript_pack_tag 'application', 'data-turbolinks-track': 'reload'
    10:   body
    11:     = yield
  
app/views/layouts/application.html.slim:9:in `_app_views_layouts_application_html_slim__3533168428608496181_70100033101480'
Started GET "/" for ::1 at 2019-10-13 18:12:31 +0900
  [1m[35m (0.4ms)[0m  [1m[34mSELECT "schema_migrations"."version" FROM "schema_migrations" ORDER BY "schema_migrations"."version" ASC[0m
  ↳ /Users/mitsuharuoura/.rbenv/versions/2.5.0/lib/ruby/gems/2.5.0/gems/activerecord-5.2.3/lib/active_record/log_subscriber.rb:98
Processing by RoomsController#show as HTML
  Rendering rooms/show.html.slim within layouts/application
  Rendered rooms/show.html.slim within layouts/application (13.5ms)
[Webpacker] Compiling…
[Webpacker] Compilation failed:
Invalid configuration object. Webpack has been initialised using a configuration object that does not match the API schema.
 - configuration.entry should be an non-empty object.
   -> Multiple entry bundles are created. The key is the chunk name. The value can be a string or an array.

Completed 500 Internal Server Error in 2214ms (ActiveRecord: 0.0ms)


  
ActionView::Template::Error (Webpacker can't find application in /Users/mitsuharuoura/Desktop/newnewchat/chat_app/public/packs/manifest.json. Possible causes:
1. You want to set webpacker.yml value of compile to true for your environment
   unless you are using the `webpack -w` or the webpack-dev-server.
2. webpack has not yet re-run to reflect updates.
3. You have misconfigured Webpacker's config/webpacker.yml file.
4. Your webpack configuration is not creating a manifest.
Your manifest contains:
{
}
):
     6:     = csrf_meta_tags
     7:     = csp_meta_tag
     8:     = stylesheet_link_tag 'application', media: 'all', 'data-turbolinks-track': 'reload'
     9:     = javascript_pack_tag 'application', 'data-turbolinks-track': 'reload'
    10:   body
    11:     = yield
  
app/views/layouts/application.html.slim:9:in `_app_views_layouts_application_html_slim___937661262886886840_70210099827660'
Started GET "/" for ::1 at 2019-10-13 18:29:30 +0900
  [1m[35m (0.5ms)[0m  [1m[34mSELECT "schema_migrations"."version" FROM "schema_migrations" ORDER BY "schema_migrations"."version" ASC[0m
  ↳ /Users/mitsuharuoura/.rbenv/versions/2.5.0/lib/ruby/gems/2.5.0/gems/activerecord-5.2.3/lib/active_record/log_subscriber.rb:98
Processing by RoomsController#show as HTML
  Rendering rooms/show.html.slim within layouts/application
  Rendered rooms/show.html.slim within layouts/application (23.7ms)
Completed 500 Internal Server Error in 852ms (ActiveRecord: 0.0ms)


  
ActionView::Template::Error (Webpacker can't find application in /Users/mitsuharuoura/Desktop/newnewchat/chat_app/public/packs/manifest.json. Possible causes:
1. You want to set webpacker.yml value of compile to true for your environment
   unless you are using the `webpack -w` or the webpack-dev-server.
2. webpack has not yet re-run to reflect updates.
3. You have misconfigured Webpacker's config/webpacker.yml file.
4. Your webpack configuration is not creating a manifest.
Your manifest contains:
{
}
):
     6:     = csrf_meta_tags
     7:     = csp_meta_tag
     8:     = stylesheet_link_tag 'application', media: 'all', 'data-turbolinks-track': 'reload'
     9:     = javascript_pack_tag 'application', 'data-turbolinks-track': 'reload'
    10:   body
    11:     = yield
  
app/views/layouts/application.html.slim:9:in `_app_views_layouts_application_html_slim__3267835940680743494_70094315924840'
Started GET "/" for ::1 at 2019-10-13 18:35:51 +0900
  [1m[35m (0.6ms)[0m  [1m[34mSELECT "schema_migrations"."version" FROM "schema_migrations" ORDER BY "schema_migrations"."version" ASC[0m
  ↳ /Users/mitsuharuoura/.rbenv/versions/2.5.0/lib/ruby/gems/2.5.0/gems/activerecord-5.2.3/lib/active_record/log_subscriber.rb:98
Processing by RoomsController#show as HTML
  Rendering rooms/show.html.slim within layouts/application
  Rendered rooms/show.html.slim within layouts/application (12.4ms)
Completed 500 Internal Server Error in 1054ms (ActiveRecord: 0.0ms)


  
ActionView::Template::Error (Webpacker can't find application in /Users/mitsuharuoura/Desktop/newnewchat/chat_app/public/packs/manifest.json. Possible causes:
1. You want to set webpacker.yml value of compile to true for your environment
   unless you are using the `webpack -w` or the webpack-dev-server.
2. webpack has not yet re-run to reflect updates.
3. You have misconfigured Webpacker's config/webpacker.yml file.
4. Your webpack configuration is not creating a manifest.
Your manifest contains:
{
}
):
     6:     = csrf_meta_tags
     7:     = csp_meta_tag
     8:     = stylesheet_link_tag 'application', media: 'all', 'data-turbolinks-track': 'reload'
     9:     = javascript_pack_tag 'application', 'data-turbolinks-track': 'reload'
    10:   body
    11:     = yield
  
app/views/layouts/application.html.slim:9:in `_app_views_layouts_application_html_slim___3216405942964573880_70274788625140'
Started GET "/" for ::1 at 2019-10-13 18:37:48 +0900
Processing by RoomsController#show as HTML
  Rendering rooms/show.html.slim within layouts/application
  Rendered rooms/show.html.slim within layouts/application (4.2ms)
Completed 500 Internal Server Error in 30ms (ActiveRecord: 0.0ms)


  
ActionView::Template::Error (Webpacker can't find application in /Users/mitsuharuoura/Desktop/newnewchat/chat_app/public/packs/manifest.json. Possible causes:
1. You want to set webpacker.yml value of compile to true for your environment
   unless you are using the `webpack -w` or the webpack-dev-server.
2. webpack has not yet re-run to reflect updates.
3. You have misconfigured Webpacker's config/webpacker.yml file.
4. Your webpack configuration is not creating a manifest.
Your manifest contains:
{
}
):
     6:     = csrf_meta_tags
     7:     = csp_meta_tag
     8:     = stylesheet_link_tag 'application', media: 'all', 'data-turbolinks-track': 'reload'
     9:     = javascript_pack_tag 'application'
    10:   body
    11:     = yield
  
app/views/layouts/application.html.slim:9:in `_app_views_layouts_application_html_slim___3216405942964573880_70274835597380'
Started GET "/" for ::1 at 2019-10-13 18:38:00 +0900
Processing by RoomsController#show as HTML
  Rendering rooms/show.html.slim within layouts/application
  Rendered rooms/show.html.slim within layouts/application (2.5ms)
Completed 200 OK in 17ms (Views: 14.2ms | ActiveRecord: 0.0ms)


Started GET "/" for ::1 at 2019-10-13 18:46:40 +0900
  [1m[35m (0.7ms)[0m  [1m[34mSELECT "schema_migrations"."version" FROM "schema_migrations" ORDER BY "schema_migrations"."version" ASC[0m
  ↳ /Users/mitsuharuoura/.rbenv/versions/2.5.0/lib/ruby/gems/2.5.0/gems/activerecord-5.2.3/lib/active_record/log_subscriber.rb:98
Processing by RoomsController#show as HTML
  Rendering rooms/show.html.slim within layouts/application
  Rendered rooms/show.html.slim within layouts/application (12.2ms)
Completed 500 Internal Server Error in 953ms (ActiveRecord: 0.0ms)


  
ActionView::Template::Error (Webpacker can't find application in /Users/mitsuharuoura/Desktop/newnewchat/chat_app/public/packs/manifest.json. Possible causes:
1. You want to set webpacker.yml value of compile to true for your environment
   unless you are using the `webpack -w` or the webpack-dev-server.
2. webpack has not yet re-run to reflect updates.
3. You have misconfigured Webpacker's config/webpacker.yml file.
4. Your webpack configuration is not creating a manifest.
Your manifest contains:
{
}
):
     6:     = csrf_meta_tags
     7:     = csp_meta_tag
     8:     = stylesheet_link_tag 'application', media: 'all', 'data-turbolinks-track': 'reload'
     9:     = javascript_pack_tag 'application', 'data-turbolinks-track': 'reload'
    10:   body
    11:     = yield
  
app/views/layouts/application.html.slim:9:in `_app_views_layouts_application_html_slim__373988516705192420_70096903114180'
Started GET "/" for ::1 at 2019-10-13 18:52:10 +0900
  [1m[35m (0.1ms)[0m  [1m[34mSELECT "schema_migrations"."version" FROM "schema_migrations" ORDER BY "schema_migrations"."version" ASC[0m
  ↳ /Users/mitsuharuoura/.rbenv/versions/2.5.0/lib/ruby/gems/2.5.0/gems/activerecord-5.2.3/lib/active_record/log_subscriber.rb:98
Processing by RoomsController#show as HTML
  Rendering rooms/show.html.slim within layouts/application
  Rendered rooms/show.html.slim within layouts/application (10.3ms)
Completed 500 Internal Server Error in 896ms (ActiveRecord: 0.0ms)


  
ActionView::Template::Error (Webpacker can't find application in /Users/mitsuharuoura/Desktop/newnewchat/chat_app/public/packs/manifest.json. Possible causes:
1. You want to set webpacker.yml value of compile to true for your environment
   unless you are using the `webpack -w` or the webpack-dev-server.
2. webpack has not yet re-run to reflect updates.
3. You have misconfigured Webpacker's config/webpacker.yml file.
4. Your webpack configuration is not creating a manifest.
Your manifest contains:
{
}
):
     6:     = csrf_meta_tags
     7:     = csp_meta_tag
     8:     = stylesheet_link_tag 'application', media: 'all', 'data-turbolinks-track': 'reload'
     9:     = javascript_pack_tag 'application', 'data-turbolinks-track': 'reload'
    10:   body
    11:     = yield
  
app/views/layouts/application.html.slim:9:in `_app_views_layouts_application_html_slim__4015635291172999952_70339776019220'
Started PUT "/__web_console/repl_sessions/3aaa250ca490fca95af596baf724f73c" for ::1 at 2019-10-13 18:52:21 +0900
Started PUT "/__web_console/repl_sessions/3aaa250ca490fca95af596baf724f73c" for ::1 at 2019-10-13 18:52:21 +0900
Started PUT "/__web_console/repl_sessions/3aaa250ca490fca95af596baf724f73c" for ::1 at 2019-10-13 18:52:50 +0900
Started PUT "/__web_console/repl_sessions/3aaa250ca490fca95af596baf724f73c" for ::1 at 2019-10-13 18:52:54 +0900
Started PUT "/__web_console/repl_sessions/3aaa250ca490fca95af596baf724f73c" for ::1 at 2019-10-13 18:52:58 +0900
Started GET "/" for ::1 at 2019-10-13 20:43:41 +0900
  [1m[35m (0.5ms)[0m  [1m[34mSELECT "schema_migrations"."version" FROM "schema_migrations" ORDER BY "schema_migrations"."version" ASC[0m
  ↳ /Users/mitsuharuoura/.rbenv/versions/2.5.0/lib/ruby/gems/2.5.0/gems/activerecord-5.2.3/lib/active_record/log_subscriber.rb:98
Processing by RoomsController#show as HTML
  Rendering rooms/show.html.slim within layouts/application
  Rendered rooms/show.html.slim within layouts/application (11.0ms)
Completed 500 Internal Server Error in 1048ms (ActiveRecord: 0.0ms)


  
ActionView::Template::Error (Webpacker can't find application in /Users/mitsuharuoura/Desktop/newnewchat/chat_app/public/packs/manifest.json. Possible causes:
1. You want to set webpacker.yml value of compile to true for your environment
   unless you are using the `webpack -w` or the webpack-dev-server.
2. webpack has not yet re-run to reflect updates.
3. You have misconfigured Webpacker's config/webpacker.yml file.
4. Your webpack configuration is not creating a manifest.
Your manifest contains:
{
}
):
     6:     = csrf_meta_tags
     7:     = csp_meta_tag
     8:     = stylesheet_link_tag 'application', media: 'all', 'data-turbolinks-track': 'reload'
     9:     = javascript_pack_tag 'application', 'data-turbolinks-track': 'reload'
    10:   body
    11:     = yield
  
app/views/layouts/application.html.slim:9:in `_app_views_layouts_application_html_slim__2483904134888295368_70099492631280'
